# JRE version: Java(TM) SE Runtime Environment (7.0_75-b13) (build 1.7.0_75-b13)
# Java VM: Java HotSpot(TM) 64-Bit Server VM (24.75-b04 mixed mode linux-amd64 compressed oops)
Heap
 PSYoungGen      total 205312K, used 16893K [0x00000000eaa80000, 0x00000000f8480000, 0x0000000100000000)
  eden space 188416K, 0% used [0x00000000eaa80000,0x00000000eaa80000,0x00000000f6280000)
  from space 16896K, 99% used [0x00000000f6380000,0x00000000f73ff620,0x00000000f7400000)
  to   space 12288K, 0% used [0x00000000f7880000,0x00000000f7880000,0x00000000f8480000)
 ParOldGen       total 52736K, used 51524K [0x00000000c0000000, 0x00000000c3380000, 0x00000000eaa80000)
  object space 52736K, 97% used [0x00000000c0000000,0x00000000c3251048,0x00000000c3380000)
 PSPermGen       total 21504K, used 7241K [0x00000000bae00000, 0x00000000bc300000, 0x00000000c0000000)
  object space 21504K, 33% used [0x00000000bae00000,0x00000000bb5126f8,0x00000000bc300000)
GC Heap History (10 events):
Event: 6.335 GC heap after
Heap after GC invocations=7 (full 0):
 PSYoungGen      total 72704K, used 8919K [0x00000000eaa80000, 0x00000000f3980000, 0x0000000100000000)
  eden space 62464K, 0% used [0x00000000eaa80000,0x00000000eaa80000,0x00000000ee780000)
  from space 10240K, 87% used [0x00000000ee780000,0x00000000ef035ff0,0x00000000ef180000)
  to   space 10752K, 0% used [0x00000000f2f00000,0x00000000f2f00000,0x00000000f3980000)
 ParOldGen       total 41472K, used 22275K [0x00000000c0000000, 0x00000000c2880000, 0x00000000eaa80000)
  object space 41472K, 53% used [0x00000000c0000000,0x00000000c15c0dd8,0x00000000c2880000)
 PSPermGen       total 21504K, used 7222K [0x00000000bae00000, 0x00000000bc300000, 0x00000000c0000000)
  object space 21504K, 33% used [0x00000000bae00000,0x00000000bb50da68,0x00000000bc300000)
}
Event: 6.681 GC heap before
{Heap before GC invocations=8 (full 0):
 PSYoungGen      total 72704K, used 71383K [0x00000000eaa80000, 0x00000000f3980000, 0x0000000100000000)
  eden space 62464K, 100% used [0x00000000eaa80000,0x00000000ee780000,0x00000000ee780000)
  from space 10240K, 87% used [0x00000000ee780000,0x00000000ef035ff0,0x00000000ef180000)
  to   space 10752K, 0% used [0x00000000f2f00000,0x00000000f2f00000,0x00000000f3980000)
 ParOldGen       total 41472K, used 22275K [0x00000000c0000000, 0x00000000c2880000, 0x00000000eaa80000)
  object space 41472K, 53% used [0x00000000c0000000,0x00000000c15c0dd8,0x00000000c2880000)
 PSPermGen       total 21504K, used 7233K [0x00000000bae00000, 0x00000000bc300000, 0x00000000c0000000)
  object space 21504K, 33% used [0x00000000bae00000,0x00000000bb5107f0,0x00000000bc300000)
Event: 6.705 GC heap after
Heap after GC invocations=8 (full 0):
 PSYoungGen      total 134656K, used 10348K [0x00000000eaa80000, 0x00000000f3b80000, 0x0000000100000000)
  eden space 123904K, 0% used [0x00000000eaa80000,0x00000000eaa80000,0x00000000f2380000)
  from space 10752K, 96% used [0x00000000f2f00000,0x00000000f391b360,0x00000000f3980000)
  to   space 11776K, 0% used [0x00000000f2380000,0x00000000f2380000,0x00000000f2f00000)
 ParOldGen       total 41472K, used 22656K [0x00000000c0000000, 0x00000000c2880000, 0x00000000eaa80000)
  object space 41472K, 54% used [0x00000000c0000000,0x00000000c16200b0,0x00000000c2880000)
 PSPermGen       total 21504K, used 7233K [0x00000000bae00000, 0x00000000bc300000, 0x00000000c0000000)
  object space 21504K, 33% used [0x00000000bae00000,0x00000000bb5107f0,0x00000000bc300000)
}
Event: 7.179 GC heap before
{Heap before GC invocations=9 (full 0):
 PSYoungGen      total 134656K, used 134252K [0x00000000eaa80000, 0x00000000f3b80000, 0x0000000100000000)
  eden space 123904K, 100% used [0x00000000eaa80000,0x00000000f2380000,0x00000000f2380000)
  from space 10752K, 96% used [0x00000000f2f00000,0x00000000f391b360,0x00000000f3980000)
  to   space 11776K, 0% used [0x00000000f2380000,0x00000000f2380000,0x00000000f2f00000)
 ParOldGen       total 41472K, used 22656K [0x00000000c0000000, 0x00000000c2880000, 0x00000000eaa80000)
  object space 41472K, 54% used [0x00000000c0000000,0x00000000c16200b0,0x00000000c2880000)
 PSPermGen       total 21504K, used 7241K [0x00000000bae00000, 0x00000000bc300000, 0x00000000c0000000)
  object space 21504K, 33% used [0x00000000bae00000,0x00000000bb512508,0x00000000bc300000)
Event: 7.397 GC heap after
Heap after GC invocations=9 (full 0):
 PSYoungGen      total 135680K, used 9613K [0x00000000eaa80000, 0x00000000f8480000, 0x0000000100000000)
  eden space 123904K, 0% used [0x00000000eaa80000,0x00000000eaa80000,0x00000000f2380000)
  from space 11776K, 81% used [0x00000000f2380000,0x00000000f2ce3518,0x00000000f2f00000)
  to   space 12288K, 0% used [0x00000000f7880000,0x00000000f7880000,0x00000000f8480000)
 ParOldGen       total 41472K, used 34381K [0x00000000c0000000, 0x00000000c2880000, 0x00000000eaa80000)
  object space 41472K, 82% used [0x00000000c0000000,0x00000000c2193570,0x00000000c2880000)
 PSPermGen       total 21504K, used 7241K [0x00000000bae00000, 0x00000000bc300000, 0x00000000c0000000)
  object space 21504K, 33% used [0x00000000bae00000,0x00000000bb512508,0x00000000bc300000)
}
Event: 7.397 GC heap before
{Heap before GC invocations=10 (full 1):
 PSYoungGen      total 135680K, used 9613K [0x00000000eaa80000, 0x00000000f8480000, 0x0000000100000000)
  eden space 123904K, 0% used [0x00000000eaa80000,0x00000000eaa80000,0x00000000f2380000)
  from space 11776K, 81% used [0x00000000f2380000,0x00000000f2ce3518,0x00000000f2f00000)
  to   space 12288K, 0% used [0x00000000f7880000,0x00000000f7880000,0x00000000f8480000)
 ParOldGen       total 41472K, used 34381K [0x00000000c0000000, 0x00000000c2880000, 0x00000000eaa80000)
  object space 41472K, 82% used [0x00000000c0000000,0x00000000c2193570,0x00000000c2880000)
 PSPermGen       total 21504K, used 7241K [0x00000000bae00000, 0x00000000bc300000, 0x00000000c0000000)
  object space 21504K, 33% used [0x00000000bae00000,0x00000000bb512508,0x00000000bc300000)
Event: 7.504 GC heap after
Heap after GC invocations=10 (full 1):
 PSYoungGen      total 135680K, used 0K [0x00000000eaa80000, 0x00000000f8480000, 0x0000000100000000)
  eden space 123904K, 0% used [0x00000000eaa80000,0x00000000eaa80000,0x00000000f2380000)
  from space 11776K, 0% used [0x00000000f2380000,0x00000000f2380000,0x00000000f2f00000)
  to   space 12288K, 0% used [0x00000000f7880000,0x00000000f7880000,0x00000000f8480000)
 ParOldGen       total 46592K, used 19324K [0x00000000c0000000, 0x00000000c2d80000, 0x00000000eaa80000)
  object space 46592K, 41% used [0x00000000c0000000,0x00000000c12df250,0x00000000c2d80000)
 PSPermGen       total 21504K, used 7237K [0x00000000bae00000, 0x00000000bc300000, 0x00000000c0000000)
  object space 21504K, 33% used [0x00000000bae00000,0x00000000bb5117d8,0x00000000bc300000)
}
Event: 7.884 GC heap before
{Heap before GC invocations=11 (full 1):
 PSYoungGen      total 135680K, used 123904K [0x00000000eaa80000, 0x00000000f8480000, 0x0000000100000000)
  eden space 123904K, 100% used [0x00000000eaa80000,0x00000000f2380000,0x00000000f2380000)
  from space 11776K, 0% used [0x00000000f2380000,0x00000000f2380000,0x00000000f2f00000)
  to   space 12288K, 0% used [0x00000000f7880000,0x00000000f7880000,0x00000000f8480000)
 ParOldGen       total 46592K, used 19324K [0x00000000c0000000, 0x00000000c2d80000, 0x00000000eaa80000)
  object space 46592K, 41% used [0x00000000c0000000,0x00000000c12df250,0x00000000c2d80000)
 PSPermGen       total 21504K, used 7240K [0x00000000bae00000, 0x00000000bc300000, 0x00000000c0000000)
  object space 21504K, 33% used [0x00000000bae00000,0x00000000bb5120c0,0x00000000bc300000)
Event: 7.897 GC heap after
Heap after GC invocations=11 (full 1):
 PSYoungGen      total 200704K, used 12282K [0x00000000eaa80000, 0x00000000f8480000, 0x0000000100000000)
  eden space 188416K, 0% used [0x00000000eaa80000,0x00000000eaa80000,0x00000000f6280000)
  from space 12288K, 99% used [0x00000000f7880000,0x00000000f847ea38,0x00000000f8480000)
  to   space 16896K, 0% used [0x00000000f6380000,0x00000000f6380000,0x00000000f7400000)
 ParOldGen       total 46592K, used 28961K [0x00000000c0000000, 0x00000000c2d80000, 0x00000000eaa80000)
  object space 46592K, 62% used [0x00000000c0000000,0x00000000c1c48408,0x00000000c2d80000)
 PSPermGen       total 21504K, used 7240K [0x00000000bae00000, 0x00000000bc300000, 0x00000000c0000000)
  object space 21504K, 33% used [0x00000000bae00000,0x00000000bb5120c0,0x00000000bc300000)
}
Event: 8.399 GC heap before
{Heap before GC invocations=12 (full 1):
 PSYoungGen      total 200704K, used 200698K [0x00000000eaa80000, 0x00000000f8480000, 0x0000000100000000)
  eden space 188416K, 100% used [0x00000000eaa80000,0x00000000f6280000,0x00000000f6280000)
  from space 12288K, 99% used [0x00000000f7880000,0x00000000f847ea38,0x00000000f8480000)
  to   space 16896K, 0% used [0x00000000f6380000,0x00000000f6380000,0x00000000f7400000)
 ParOldGen       total 46592K, used 28961K [0x00000000c0000000, 0x00000000c2d80000, 0x00000000eaa80000)
  object space 46592K, 62% used [0x00000000c0000000,0x00000000c1c48408,0x00000000c2d80000)
 PSPermGen       total 21504K, used 7241K [0x00000000bae00000, 0x00000000bc300000, 0x00000000c0000000)
  object space 21504K, 33% used [0x00000000bae00000,0x00000000bb5126f8,0x00000000bc300000)

