# JRE version: Java(TM) SE Runtime Environment (7.0_75-b13) (build 1.7.0_75-b13)
# Java VM: Java HotSpot(TM) 64-Bit Server VM (24.75-b04 mixed mode linux-amd64 compressed oops)
Heap
 PSYoungGen      total 135168K, used 4311K [0x00000000eaa80000, 0x00000000f3d80000, 0x0000000100000000)
  eden space 121344K, 0% used [0x00000000eaa80000,0x00000000eaa80000,0x00000000f2100000)
  from space 13824K, 31% used [0x00000000f2100000,0x00000000f2535e70,0x00000000f2e80000)
  to   space 12288K, 0% used [0x00000000f2e80000,0x00000000f2e80000,0x00000000f3a80000)
 ParOldGen       total 41472K, used 31599K [0x00000000c0000000, 0x00000000c2880000, 0x00000000eaa80000)
  object space 41472K, 76% used [0x00000000c0000000,0x00000000c1edbc50,0x00000000c2880000)
 PSPermGen       total 21504K, used 7242K [0x00000000bae00000, 0x00000000bc300000, 0x00000000c0000000)
  object space 21504K, 33% used [0x00000000bae00000,0x00000000bb512850,0x00000000bc300000)
GC Heap History (10 events):
Event: 4.380 GC heap after
Heap after GC invocations=4 (full 0):
 PSYoungGen      total 34304K, used 2552K [0x00000000eaa80000, 0x00000000ece80000, 0x0000000100000000)
  eden space 31744K, 0% used [0x00000000eaa80000,0x00000000eaa80000,0x00000000ec980000)
  from space 2560K, 99% used [0x00000000ecc00000,0x00000000ece7e2f8,0x00000000ece80000)
  to   space 2560K, 0% used [0x00000000ec980000,0x00000000ec980000,0x00000000ecc00000)
 ParOldGen       total 41472K, used 12698K [0x00000000c0000000, 0x00000000c2880000, 0x00000000eaa80000)
  object space 41472K, 30% used [0x00000000c0000000,0x00000000c0c668c8,0x00000000c2880000)
 PSPermGen       total 21504K, used 5483K [0x00000000bae00000, 0x00000000bc300000, 0x00000000c0000000)
  object space 21504K, 25% used [0x00000000bae00000,0x00000000bb35aed8,0x00000000bc300000)
}
Event: 6.151 GC heap before
{Heap before GC invocations=5 (full 0):
 PSYoungGen      total 34304K, used 34002K [0x00000000eaa80000, 0x00000000ece80000, 0x0000000100000000)
  eden space 31744K, 99% used [0x00000000eaa80000,0x00000000ec936858,0x00000000ec980000)
  from space 2560K, 99% used [0x00000000ecc00000,0x00000000ece7e2f8,0x00000000ece80000)
  to   space 2560K, 0% used [0x00000000ec980000,0x00000000ec980000,0x00000000ecc00000)
 ParOldGen       total 41472K, used 12698K [0x00000000c0000000, 0x00000000c2880000, 0x00000000eaa80000)
  object space 41472K, 30% used [0x00000000c0000000,0x00000000c0c668c8,0x00000000c2880000)
 PSPermGen       total 21504K, used 7067K [0x00000000bae00000, 0x00000000bc300000, 0x00000000c0000000)
  object space 21504K, 32% used [0x00000000bae00000,0x00000000bb4e6e70,0x00000000bc300000)
Event: 6.168 GC heap after
Heap after GC invocations=5 (full 0):
 PSYoungGen      total 34304K, used 2549K [0x00000000eaa80000, 0x00000000efb80000, 0x0000000100000000)
  eden space 31744K, 0% used [0x00000000eaa80000,0x00000000eaa80000,0x00000000ec980000)
  from space 2560K, 99% used [0x00000000ec980000,0x00000000ecbfd578,0x00000000ecc00000)
  to   space 9728K, 0% used [0x00000000ef200000,0x00000000ef200000,0x00000000efb80000)
 ParOldGen       total 41472K, used 19035K [0x00000000c0000000, 0x00000000c2880000, 0x00000000eaa80000)
  object space 41472K, 45% used [0x00000000c0000000,0x00000000c1296d48,0x00000000c2880000)
 PSPermGen       total 21504K, used 7067K [0x00000000bae00000, 0x00000000bc300000, 0x00000000c0000000)
  object space 21504K, 32% used [0x00000000bae00000,0x00000000bb4e6e70,0x00000000bc300000)
}
Event: 6.558 GC heap before
{Heap before GC invocations=6 (full 0):
 PSYoungGen      total 34304K, used 34293K [0x00000000eaa80000, 0x00000000efb80000, 0x0000000100000000)
  eden space 31744K, 100% used [0x00000000eaa80000,0x00000000ec980000,0x00000000ec980000)
  from space 2560K, 99% used [0x00000000ec980000,0x00000000ecbfd578,0x00000000ecc00000)
  to   space 9728K, 0% used [0x00000000ef200000,0x00000000ef200000,0x00000000efb80000)
 ParOldGen       total 41472K, used 19035K [0x00000000c0000000, 0x00000000c2880000, 0x00000000eaa80000)
  object space 41472K, 45% used [0x00000000c0000000,0x00000000c1296d48,0x00000000c2880000)
 PSPermGen       total 21504K, used 7115K [0x00000000bae00000, 0x00000000bc300000, 0x00000000c0000000)
  object space 21504K, 33% used [0x00000000bae00000,0x00000000bb4f2de0,0x00000000bc300000)
Event: 6.575 GC heap after
Heap after GC invocations=6 (full 0):
 PSYoungGen      total 71168K, used 9720K [0x00000000eaa80000, 0x00000000eff80000, 0x0000000100000000)
  eden space 61440K, 0% used [0x00000000eaa80000,0x00000000eaa80000,0x00000000ee680000)
  from space 9728K, 99% used [0x00000000ef200000,0x00000000efb7e2d8,0x00000000efb80000)
  to   space 11776K, 0% used [0x00000000ee680000,0x00000000ee680000,0x00000000ef200000)
 ParOldGen       total 41472K, used 20058K [0x00000000c0000000, 0x00000000c2880000, 0x00000000eaa80000)
  object space 41472K, 48% used [0x00000000c0000000,0x00000000c1396888,0x00000000c2880000)
 PSPermGen       total 21504K, used 7115K [0x00000000bae00000, 0x00000000bc300000, 0x00000000c0000000)
  object space 21504K, 33% used [0x00000000bae00000,0x00000000bb4f2de0,0x00000000bc300000)
}
Event: 7.345 GC heap before
{Heap before GC invocations=7 (full 0):
 PSYoungGen      total 71168K, used 71160K [0x00000000eaa80000, 0x00000000eff80000, 0x0000000100000000)
  eden space 61440K, 100% used [0x00000000eaa80000,0x00000000ee680000,0x00000000ee680000)
  from space 9728K, 99% used [0x00000000ef200000,0x00000000efb7e2d8,0x00000000efb80000)
  to   space 11776K, 0% used [0x00000000ee680000,0x00000000ee680000,0x00000000ef200000)
 ParOldGen       total 41472K, used 20058K [0x00000000c0000000, 0x00000000c2880000, 0x00000000eaa80000)
  object space 41472K, 48% used [0x00000000c0000000,0x00000000c1396888,0x00000000c2880000)
 PSPermGen       total 21504K, used 7221K [0x00000000bae00000, 0x00000000bc300000, 0x00000000c0000000)
  object space 21504K, 33% used [0x00000000bae00000,0x00000000bb50d678,0x00000000bc300000)
Event: 7.788 GC heap after
Heap after GC invocations=7 (full 0):
 PSYoungGen      total 73216K, used 10157K [0x00000000eaa80000, 0x00000000f3a80000, 0x0000000100000000)
  eden space 61440K, 0% used [0x00000000eaa80000,0x00000000eaa80000,0x00000000ee680000)
  from space 11776K, 86% used [0x00000000ee680000,0x00000000ef06b7d8,0x00000000ef200000)
  to   space 12288K, 0% used [0x00000000f2e80000,0x00000000f2e80000,0x00000000f3a80000)
 ParOldGen       total 41472K, used 23642K [0x00000000c0000000, 0x00000000c2880000, 0x00000000eaa80000)
  object space 41472K, 57% used [0x00000000c0000000,0x00000000c1716bb0,0x00000000c2880000)
 PSPermGen       total 21504K, used 7221K [0x00000000bae00000, 0x00000000bc300000, 0x00000000c0000000)
  object space 21504K, 33% used [0x00000000bae00000,0x00000000bb50d678,0x00000000bc300000)
}
Event: 8.122 GC heap before
{Heap before GC invocations=8 (full 0):
 PSYoungGen      total 73216K, used 71597K [0x00000000eaa80000, 0x00000000f3a80000, 0x0000000100000000)
  eden space 61440K, 100% used [0x00000000eaa80000,0x00000000ee680000,0x00000000ee680000)
  from space 11776K, 86% used [0x00000000ee680000,0x00000000ef06b7d8,0x00000000ef200000)
  to   space 12288K, 0% used [0x00000000f2e80000,0x00000000f2e80000,0x00000000f3a80000)
 ParOldGen       total 41472K, used 23642K [0x00000000c0000000, 0x00000000c2880000, 0x00000000eaa80000)
  object space 41472K, 57% used [0x00000000c0000000,0x00000000c1716bb0,0x00000000c2880000)
 PSPermGen       total 21504K, used 7235K [0x00000000bae00000, 0x00000000bc300000, 0x00000000c0000000)
  object space 21504K, 33% used [0x00000000bae00000,0x00000000bb510c00,0x00000000bc300000)
Event: 8.147 GC heap after
Heap after GC invocations=8 (full 0):
 PSYoungGen      total 133632K, used 11263K [0x00000000eaa80000, 0x00000000f3d80000, 0x0000000100000000)
  eden space 121344K, 0% used [0x00000000eaa80000,0x00000000eaa80000,0x00000000f2100000)
  from space 12288K, 91% used [0x00000000f2e80000,0x00000000f397fd58,0x00000000f3a80000)
  to   space 13824K, 0% used [0x00000000f2100000,0x00000000f2100000,0x00000000f2e80000)
 ParOldGen       total 41472K, used 24049K [0x00000000c0000000, 0x00000000c2880000, 0x00000000eaa80000)
  object space 41472K, 57% used [0x00000000c0000000,0x00000000c177c610,0x00000000c2880000)
 PSPermGen       total 21504K, used 7235K [0x00000000bae00000, 0x00000000bc300000, 0x00000000c0000000)
  object space 21504K, 33% used [0x00000000bae00000,0x00000000bb510c00,0x00000000bc300000)
}
Event: 12.801 GC heap before
{Heap before GC invocations=9 (full 0):
 PSYoungGen      total 133632K, used 131632K [0x00000000eaa80000, 0x00000000f3d80000, 0x0000000100000000)
  eden space 121344K, 99% used [0x00000000eaa80000,0x00000000f200c5b0,0x00000000f2100000)
  from space 12288K, 91% used [0x00000000f2e80000,0x00000000f397fd58,0x00000000f3a80000)
  to   space 13824K, 0% used [0x00000000f2100000,0x00000000f2100000,0x00000000f2e80000)
 ParOldGen       total 41472K, used 24049K [0x00000000c0000000, 0x00000000c2880000, 0x00000000eaa80000)
  object space 41472K, 57% used [0x00000000c0000000,0x00000000c177c610,0x00000000c2880000)
 PSPermGen       total 21504K, used 7242K [0x00000000bae00000, 0x00000000bc300000, 0x00000000c0000000)
  object space 21504K, 33% used [0x00000000bae00000,0x00000000bb512850,0x00000000bc300000)

