# JRE version: Java(TM) SE Runtime Environment (7.0_75-b13) (build 1.7.0_75-b13)
# Java VM: Java HotSpot(TM) 64-Bit Server VM (24.75-b04 mixed mode linux-amd64 compressed oops)
Heap
 PSYoungGen      total 218624K, used 16416K [0x00000000eaa80000, 0x00000000f9080000, 0x0000000100000000)
  eden space 201728K, 0% used [0x00000000eaa80000,0x00000000eaa80000,0x00000000f6f80000)
  from space 16896K, 97% used [0x00000000f6f80000,0x00000000f7f883a8,0x00000000f8000000)
  to   space 16384K, 0% used [0x00000000f8080000,0x00000000f8080000,0x00000000f9080000)
 ParOldGen       total 47616K, used 46424K [0x00000000c0000000, 0x00000000c2e80000, 0x00000000eaa80000)
  object space 47616K, 97% used [0x00000000c0000000,0x00000000c2d560c8,0x00000000c2e80000)
 PSPermGen       total 21504K, used 7242K [0x00000000bae00000, 0x00000000bc300000, 0x00000000c0000000)
  object space 21504K, 33% used [0x00000000bae00000,0x00000000bb512b18,0x00000000bc300000)
GC Heap History (10 events):
Event: 5.902 GC heap after
Heap after GC invocations=6 (full 0):
 PSYoungGen      total 78336K, used 3876K [0x00000000eaa80000, 0x00000000f0580000, 0x0000000100000000)
  eden space 63488K, 0% used [0x00000000eaa80000,0x00000000eaa80000,0x00000000ee880000)
  from space 14848K, 26% used [0x00000000ef700000,0x00000000efac91e0,0x00000000f0580000)
  to   space 14848K, 0% used [0x00000000ee880000,0x00000000ee880000,0x00000000ef700000)
 ParOldGen       total 41472K, used 27405K [0x00000000c0000000, 0x00000000c2880000, 0x00000000eaa80000)
  object space 41472K, 66% used [0x00000000c0000000,0x00000000c1ac34a0,0x00000000c2880000)
 PSPermGen       total 21504K, used 7114K [0x00000000bae00000, 0x00000000bc300000, 0x00000000c0000000)
  object space 21504K, 33% used [0x00000000bae00000,0x00000000bb4f2890,0x00000000bc300000)
}
Event: 6.487 GC heap before
{Heap before GC invocations=7 (full 0):
 PSYoungGen      total 78336K, used 67364K [0x00000000eaa80000, 0x00000000f0580000, 0x0000000100000000)
  eden space 63488K, 100% used [0x00000000eaa80000,0x00000000ee880000,0x00000000ee880000)
  from space 14848K, 26% used [0x00000000ef700000,0x00000000efac91e0,0x00000000f0580000)
  to   space 14848K, 0% used [0x00000000ee880000,0x00000000ee880000,0x00000000ef700000)
 ParOldGen       total 41472K, used 27405K [0x00000000c0000000, 0x00000000c2880000, 0x00000000eaa80000)
  object space 41472K, 66% used [0x00000000c0000000,0x00000000c1ac34a0,0x00000000c2880000)
 PSPermGen       total 21504K, used 7222K [0x00000000bae00000, 0x00000000bc300000, 0x00000000c0000000)
  object space 21504K, 33% used [0x00000000bae00000,0x00000000bb50db48,0x00000000bc300000)
Event: 6.504 GC heap after
Heap after GC invocations=7 (full 0):
 PSYoungGen      total 78336K, used 8942K [0x00000000eaa80000, 0x00000000f4280000, 0x0000000100000000)
  eden space 63488K, 0% used [0x00000000eaa80000,0x00000000eaa80000,0x00000000ee880000)
  from space 14848K, 60% used [0x00000000ee880000,0x00000000ef13bab0,0x00000000ef700000)
  to   space 14336K, 0% used [0x00000000f3480000,0x00000000f3480000,0x00000000f4280000)
 ParOldGen       total 41472K, used 28980K [0x00000000c0000000, 0x00000000c2880000, 0x00000000eaa80000)
  object space 41472K, 69% used [0x00000000c0000000,0x00000000c1c4d010,0x00000000c2880000)
 PSPermGen       total 21504K, used 7222K [0x00000000bae00000, 0x00000000bc300000, 0x00000000c0000000)
  object space 21504K, 33% used [0x00000000bae00000,0x00000000bb50db48,0x00000000bc300000)
}
Event: 6.844 GC heap before
{Heap before GC invocations=8 (full 0):
 PSYoungGen      total 78336K, used 72430K [0x00000000eaa80000, 0x00000000f4280000, 0x0000000100000000)
  eden space 63488K, 100% used [0x00000000eaa80000,0x00000000ee880000,0x00000000ee880000)
  from space 14848K, 60% used [0x00000000ee880000,0x00000000ef13bab0,0x00000000ef700000)
  to   space 14336K, 0% used [0x00000000f3480000,0x00000000f3480000,0x00000000f4280000)
 ParOldGen       total 41472K, used 28980K [0x00000000c0000000, 0x00000000c2880000, 0x00000000eaa80000)
  object space 41472K, 69% used [0x00000000c0000000,0x00000000c1c4d010,0x00000000c2880000)
 PSPermGen       total 21504K, used 7231K [0x00000000bae00000, 0x00000000bc300000, 0x00000000c0000000)
  object space 21504K, 33% used [0x00000000bae00000,0x00000000bb50fee0,0x00000000bc300000)
Event: 6.851 GC heap after
Heap after GC invocations=8 (full 0):
 PSYoungGen      total 140288K, used 11613K [0x00000000eaa80000, 0x00000000f4480000, 0x0000000100000000)
  eden space 125952K, 0% used [0x00000000eaa80000,0x00000000eaa80000,0x00000000f2580000)
  from space 14336K, 81% used [0x00000000f3480000,0x00000000f3fd7630,0x00000000f4280000)
  to   space 15360K, 0% used [0x00000000f2580000,0x00000000f2580000,0x00000000f3480000)
 ParOldGen       total 41472K, used 29362K [0x00000000c0000000, 0x00000000c2880000, 0x00000000eaa80000)
  object space 41472K, 70% used [0x00000000c0000000,0x00000000c1cacbd0,0x00000000c2880000)
 PSPermGen       total 21504K, used 7231K [0x00000000bae00000, 0x00000000bc300000, 0x00000000c0000000)
  object space 21504K, 33% used [0x00000000bae00000,0x00000000bb50fee0,0x00000000bc300000)
}
Event: 7.266 GC heap before
{Heap before GC invocations=9 (full 0):
 PSYoungGen      total 140288K, used 137565K [0x00000000eaa80000, 0x00000000f4480000, 0x0000000100000000)
  eden space 125952K, 100% used [0x00000000eaa80000,0x00000000f2580000,0x00000000f2580000)
  from space 14336K, 81% used [0x00000000f3480000,0x00000000f3fd7630,0x00000000f4280000)
  to   space 15360K, 0% used [0x00000000f2580000,0x00000000f2580000,0x00000000f3480000)
 ParOldGen       total 41472K, used 29362K [0x00000000c0000000, 0x00000000c2880000, 0x00000000eaa80000)
  object space 41472K, 70% used [0x00000000c0000000,0x00000000c1cacbd0,0x00000000c2880000)
 PSPermGen       total 21504K, used 7241K [0x00000000bae00000, 0x00000000bc300000, 0x00000000c0000000)
  object space 21504K, 33% used [0x00000000bae00000,0x00000000bb5124e0,0x00000000bc300000)
Event: 7.280 GC heap after
Heap after GC invocations=9 (full 0):
 PSYoungGen      total 141312K, used 14910K [0x00000000eaa80000, 0x00000000f9180000, 0x0000000100000000)
  eden space 125952K, 0% used [0x00000000eaa80000,0x00000000eaa80000,0x00000000f2580000)
  from space 15360K, 97% used [0x00000000f2580000,0x00000000f340f9c0,0x00000000f3480000)
  to   space 17408K, 0% used [0x00000000f8080000,0x00000000f8080000,0x00000000f9180000)
 ParOldGen       total 41472K, used 30033K [0x00000000c0000000, 0x00000000c2880000, 0x00000000eaa80000)
  object space 41472K, 72% used [0x00000000c0000000,0x00000000c1d545b0,0x00000000c2880000)
 PSPermGen       total 21504K, used 7241K [0x00000000bae00000, 0x00000000bc300000, 0x00000000c0000000)
  object space 21504K, 33% used [0x00000000bae00000,0x00000000bb5124e0,0x00000000bc300000)
}
Event: 7.626 GC heap before
{Heap before GC invocations=10 (full 0):
 PSYoungGen      total 141312K, used 140862K [0x00000000eaa80000, 0x00000000f9180000, 0x0000000100000000)
  eden space 125952K, 100% used [0x00000000eaa80000,0x00000000f2580000,0x00000000f2580000)
  from space 15360K, 97% used [0x00000000f2580000,0x00000000f340f9c0,0x00000000f3480000)
  to   space 17408K, 0% used [0x00000000f8080000,0x00000000f8080000,0x00000000f9180000)
 ParOldGen       total 41472K, used 30033K [0x00000000c0000000, 0x00000000c2880000, 0x00000000eaa80000)
  object space 41472K, 72% used [0x00000000c0000000,0x00000000c1d545b0,0x00000000c2880000)
 PSPermGen       total 21504K, used 7241K [0x00000000bae00000, 0x00000000bc300000, 0x00000000c0000000)
  object space 21504K, 33% used [0x00000000bae00000,0x00000000bb5124e0,0x00000000bc300000)
Event: 7.630 GC heap after
Heap after GC invocations=10 (full 0):
 PSYoungGen      total 218112K, used 9198K [0x00000000eaa80000, 0x00000000f9080000, 0x0000000100000000)
  eden space 201728K, 0% used [0x00000000eaa80000,0x00000000eaa80000,0x00000000f6f80000)
  from space 16384K, 56% used [0x00000000f8080000,0x00000000f897b808,0x00000000f9080000)
  to   space 16896K, 0% used [0x00000000f6f80000,0x00000000f6f80000,0x00000000f8000000)
 ParOldGen       total 41472K, used 30049K [0x00000000c0000000, 0x00000000c2880000, 0x00000000eaa80000)
  object space 41472K, 72% used [0x00000000c0000000,0x00000000c1d585b0,0x00000000c2880000)
 PSPermGen       total 21504K, used 7241K [0x00000000bae00000, 0x00000000bc300000, 0x00000000c0000000)
  object space 21504K, 33% used [0x00000000bae00000,0x00000000bb5124e0,0x00000000bc300000)
}
Event: 8.073 GC heap before
{Heap before GC invocations=11 (full 0):
 PSYoungGen      total 218112K, used 210926K [0x00000000eaa80000, 0x00000000f9080000, 0x0000000100000000)
  eden space 201728K, 100% used [0x00000000eaa80000,0x00000000f6f80000,0x00000000f6f80000)
  from space 16384K, 56% used [0x00000000f8080000,0x00000000f897b808,0x00000000f9080000)
  to   space 16896K, 0% used [0x00000000f6f80000,0x00000000f6f80000,0x00000000f8000000)
 ParOldGen       total 41472K, used 30049K [0x00000000c0000000, 0x00000000c2880000, 0x00000000eaa80000)
  object space 41472K, 72% used [0x00000000c0000000,0x00000000c1d585b0,0x00000000c2880000)
 PSPermGen       total 21504K, used 7242K [0x00000000bae00000, 0x00000000bc300000, 0x00000000c0000000)
  object space 21504K, 33% used [0x00000000bae00000,0x00000000bb512b18,0x00000000bc300000)

