# JRE version: Java(TM) SE Runtime Environment (7.0_75-b13) (build 1.7.0_75-b13)
# Java VM: Java HotSpot(TM) 64-Bit Server VM (24.75-b04 mixed mode linux-amd64 compressed oops)
Heap
 PSYoungGen      total 212480K, used 8522K [0x00000000eaa80000, 0x00000000f9580000, 0x0000000100000000)
  eden space 190976K, 0% used [0x00000000eaa80000,0x00000000eaa80000,0x00000000f6500000)
  from space 21504K, 39% used [0x00000000f6500000,0x00000000f6d52b50,0x00000000f7a00000)
  to   space 14848K, 0% used [0x00000000f7a00000,0x00000000f7a00000,0x00000000f8880000)
 ParOldGen       total 49152K, used 21656K [0x00000000c0000000, 0x00000000c3000000, 0x00000000eaa80000)
  object space 49152K, 44% used [0x00000000c0000000,0x00000000c1526178,0x00000000c3000000)
 PSPermGen       total 21504K, used 7139K [0x00000000bae00000, 0x00000000bc300000, 0x00000000c0000000)
  object space 21504K, 33% used [0x00000000bae00000,0x00000000bb4f8f28,0x00000000bc300000)
GC Heap History (10 events):
Event: 6.199 GC heap after
Heap after GC invocations=7 (full 0):
 PSYoungGen      total 72704K, used 9347K [0x00000000eaa80000, 0x00000000f3980000, 0x0000000100000000)
  eden space 61952K, 0% used [0x00000000eaa80000,0x00000000eaa80000,0x00000000ee700000)
  from space 10752K, 86% used [0x00000000ee700000,0x00000000ef020e68,0x00000000ef180000)
  to   space 11264K, 0% used [0x00000000f2e80000,0x00000000f2e80000,0x00000000f3980000)
 ParOldGen       total 41472K, used 23416K [0x00000000c0000000, 0x00000000c2880000, 0x00000000eaa80000)
  object space 41472K, 56% used [0x00000000c0000000,0x00000000c16de368,0x00000000c2880000)
 PSPermGen       total 21504K, used 7125K [0x00000000bae00000, 0x00000000bc300000, 0x00000000c0000000)
  object space 21504K, 33% used [0x00000000bae00000,0x00000000bb4f54c8,0x00000000bc300000)
}
Event: 6.480 GC heap before
{Heap before GC invocations=8 (full 0):
 PSYoungGen      total 72704K, used 71299K [0x00000000eaa80000, 0x00000000f3980000, 0x0000000100000000)
  eden space 61952K, 100% used [0x00000000eaa80000,0x00000000ee700000,0x00000000ee700000)
  from space 10752K, 86% used [0x00000000ee700000,0x00000000ef020e68,0x00000000ef180000)
  to   space 11264K, 0% used [0x00000000f2e80000,0x00000000f2e80000,0x00000000f3980000)
 ParOldGen       total 41472K, used 23416K [0x00000000c0000000, 0x00000000c2880000, 0x00000000eaa80000)
  object space 41472K, 56% used [0x00000000c0000000,0x00000000c16de368,0x00000000c2880000)
 PSPermGen       total 21504K, used 7129K [0x00000000bae00000, 0x00000000bc300000, 0x00000000c0000000)
  object space 21504K, 33% used [0x00000000bae00000,0x00000000bb4f6718,0x00000000bc300000)
Event: 6.493 GC heap after
Heap after GC invocations=8 (full 0):
 PSYoungGen      total 134656K, used 9406K [0x00000000eaa80000, 0x00000000f3a80000, 0x0000000100000000)
  eden space 123392K, 0% used [0x00000000eaa80000,0x00000000eaa80000,0x00000000f2300000)
  from space 11264K, 83% used [0x00000000f2e80000,0x00000000f37af9d8,0x00000000f3980000)
  to   space 11776K, 0% used [0x00000000f2300000,0x00000000f2300000,0x00000000f2e80000)
 ParOldGen       total 41472K, used 27072K [0x00000000c0000000, 0x00000000c2880000, 0x00000000eaa80000)
  object space 41472K, 65% used [0x00000000c0000000,0x00000000c1a70140,0x00000000c2880000)
 PSPermGen       total 21504K, used 7129K [0x00000000bae00000, 0x00000000bc300000, 0x00000000c0000000)
  object space 21504K, 33% used [0x00000000bae00000,0x00000000bb4f6718,0x00000000bc300000)
}
Event: 6.919 GC heap before
{Heap before GC invocations=9 (full 0):
 PSYoungGen      total 134656K, used 132798K [0x00000000eaa80000, 0x00000000f3a80000, 0x0000000100000000)
  eden space 123392K, 100% used [0x00000000eaa80000,0x00000000f2300000,0x00000000f2300000)
  from space 11264K, 83% used [0x00000000f2e80000,0x00000000f37af9d8,0x00000000f3980000)
  to   space 11776K, 0% used [0x00000000f2300000,0x00000000f2300000,0x00000000f2e80000)
 ParOldGen       total 41472K, used 27072K [0x00000000c0000000, 0x00000000c2880000, 0x00000000eaa80000)
  object space 41472K, 65% used [0x00000000c0000000,0x00000000c1a70140,0x00000000c2880000)
 PSPermGen       total 21504K, used 7141K [0x00000000bae00000, 0x00000000bc300000, 0x00000000c0000000)
  object space 21504K, 33% used [0x00000000bae00000,0x00000000bb4f95f0,0x00000000bc300000)
Event: 6.927 GC heap after
Heap after GC invocations=9 (full 0):
 PSYoungGen      total 135168K, used 11767K [0x00000000eaa80000, 0x00000000f8880000, 0x0000000100000000)
  eden space 123392K, 0% used [0x00000000eaa80000,0x00000000eaa80000,0x00000000f2300000)
  from space 11776K, 99% used [0x00000000f2300000,0x00000000f2e7df28,0x00000000f2e80000)
  to   space 14848K, 0% used [0x00000000f7a00000,0x00000000f7a00000,0x00000000f8880000)
 ParOldGen       total 41472K, used 30713K [0x00000000c0000000, 0x00000000c2880000, 0x00000000eaa80000)
  object space 41472K, 74% used [0x00000000c0000000,0x00000000c1dfe600,0x00000000c2880000)
 PSPermGen       total 21504K, used 7141K [0x00000000bae00000, 0x00000000bc300000, 0x00000000c0000000)
  object space 21504K, 33% used [0x00000000bae00000,0x00000000bb4f95f0,0x00000000bc300000)
}
Event: 7.261 GC heap before
{Heap before GC invocations=10 (full 0):
 PSYoungGen      total 135168K, used 135159K [0x00000000eaa80000, 0x00000000f8880000, 0x0000000100000000)
  eden space 123392K, 100% used [0x00000000eaa80000,0x00000000f2300000,0x00000000f2300000)
  from space 11776K, 99% used [0x00000000f2300000,0x00000000f2e7df28,0x00000000f2e80000)
  to   space 14848K, 0% used [0x00000000f7a00000,0x00000000f7a00000,0x00000000f8880000)
 ParOldGen       total 41472K, used 30713K [0x00000000c0000000, 0x00000000c2880000, 0x00000000eaa80000)
  object space 41472K, 74% used [0x00000000c0000000,0x00000000c1dfe600,0x00000000c2880000)
 PSPermGen       total 21504K, used 7141K [0x00000000bae00000, 0x00000000bc300000, 0x00000000c0000000)
  object space 21504K, 33% used [0x00000000bae00000,0x00000000bb4f96b0,0x00000000bc300000)
Event: 8.256 GC heap after
Heap after GC invocations=10 (full 0):
 PSYoungGen      total 205824K, used 14844K [0x00000000eaa80000, 0x00000000f9580000, 0x0000000100000000)
  eden space 190976K, 0% used [0x00000000eaa80000,0x00000000eaa80000,0x00000000f6500000)
  from space 14848K, 99% used [0x00000000f7a00000,0x00000000f887f2d0,0x00000000f8880000)
  to   space 21504K, 0% used [0x00000000f6500000,0x00000000f6500000,0x00000000f7a00000)
 ParOldGen       total 46080K, used 44546K [0x00000000c0000000, 0x00000000c2d00000, 0x00000000eaa80000)
  object space 46080K, 96% used [0x00000000c0000000,0x00000000c2b80b58,0x00000000c2d00000)
 PSPermGen       total 21504K, used 7141K [0x00000000bae00000, 0x00000000bc300000, 0x00000000c0000000)
  object space 21504K, 33% used [0x00000000bae00000,0x00000000bb4f96b0,0x00000000bc300000)
}
Event: 8.256 GC heap before
{Heap before GC invocations=11 (full 1):
 PSYoungGen      total 205824K, used 14844K [0x00000000eaa80000, 0x00000000f9580000, 0x0000000100000000)
  eden space 190976K, 0% used [0x00000000eaa80000,0x00000000eaa80000,0x00000000f6500000)
  from space 14848K, 99% used [0x00000000f7a00000,0x00000000f887f2d0,0x00000000f8880000)
  to   space 21504K, 0% used [0x00000000f6500000,0x00000000f6500000,0x00000000f7a00000)
 ParOldGen       total 46080K, used 44546K [0x00000000c0000000, 0x00000000c2d00000, 0x00000000eaa80000)
  object space 46080K, 96% used [0x00000000c0000000,0x00000000c2b80b58,0x00000000c2d00000)
 PSPermGen       total 21504K, used 7141K [0x00000000bae00000, 0x00000000bc300000, 0x00000000c0000000)
  object space 21504K, 33% used [0x00000000bae00000,0x00000000bb4f96b0,0x00000000bc300000)
Event: 8.376 GC heap after
Heap after GC invocations=11 (full 1):
 PSYoungGen      total 205824K, used 0K [0x00000000eaa80000, 0x00000000f9580000, 0x0000000100000000)
  eden space 190976K, 0% used [0x00000000eaa80000,0x00000000eaa80000,0x00000000f6500000)
  from space 14848K, 0% used [0x00000000f7a00000,0x00000000f7a00000,0x00000000f8880000)
  to   space 21504K, 0% used [0x00000000f6500000,0x00000000f6500000,0x00000000f7a00000)
 ParOldGen       total 49152K, used 21656K [0x00000000c0000000, 0x00000000c3000000, 0x00000000eaa80000)
  object space 49152K, 44% used [0x00000000c0000000,0x00000000c1526178,0x00000000c3000000)
 PSPermGen       total 21504K, used 7138K [0x00000000bae00000, 0x00000000bc300000, 0x00000000c0000000)
  object space 21504K, 33% used [0x00000000bae00000,0x00000000bb4f8a20,0x00000000bc300000)
}
Event: 9.162 GC heap before
{Heap before GC invocations=12 (full 1):
 PSYoungGen      total 205824K, used 186125K [0x00000000eaa80000, 0x00000000f9580000, 0x0000000100000000)
  eden space 190976K, 97% used [0x00000000eaa80000,0x00000000f6043580,0x00000000f6500000)
  from space 14848K, 0% used [0x00000000f7a00000,0x00000000f7a00000,0x00000000f8880000)
  to   space 21504K, 0% used [0x00000000f6500000,0x00000000f6500000,0x00000000f7a00000)
 ParOldGen       total 49152K, used 21656K [0x00000000c0000000, 0x00000000c3000000, 0x00000000eaa80000)
  object space 49152K, 44% used [0x00000000c0000000,0x00000000c1526178,0x00000000c3000000)
 PSPermGen       total 21504K, used 7139K [0x00000000bae00000, 0x00000000bc300000, 0x00000000c0000000)
  object space 21504K, 33% used [0x00000000bae00000,0x00000000bb4f8f28,0x00000000bc300000)

