# JRE version: Java(TM) SE Runtime Environment (7.0_75-b13) (build 1.7.0_75-b13)
# Java VM: Java HotSpot(TM) 64-Bit Server VM (24.75-b04 mixed mode linux-amd64 compressed oops)
Heap
 PSYoungGen      total 214016K, used 18913K [0x00000000eaa80000, 0x00000000f9380000, 0x0000000100000000)
  eden space 195072K, 0% used [0x00000000eaa80000,0x00000000eaa80000,0x00000000f6900000)
  from space 18944K, 99% used [0x00000000f6900000,0x00000000f7b78698,0x00000000f7b80000)
  to   space 13312K, 0% used [0x00000000f7b80000,0x00000000f7b80000,0x00000000f8880000)
 ParOldGen       total 56320K, used 39730K [0x00000000c0000000, 0x00000000c3700000, 0x00000000eaa80000)
  object space 56320K, 70% used [0x00000000c0000000,0x00000000c26ccb40,0x00000000c3700000)
 PSPermGen       total 21504K, used 7239K [0x00000000bae00000, 0x00000000bc300000, 0x00000000c0000000)
  object space 21504K, 33% used [0x00000000bae00000,0x00000000bb511d70,0x00000000bc300000)
GC Heap History (10 events):
Event: 5.760 GC heap after
Heap after GC invocations=7 (full 0):
 PSYoungGen      total 75776K, used 7279K [0x00000000eaa80000, 0x00000000f3c80000, 0x0000000100000000)
  eden space 62976K, 0% used [0x00000000eaa80000,0x00000000eaa80000,0x00000000ee800000)
  from space 12800K, 56% used [0x00000000ee800000,0x00000000eef1beb8,0x00000000ef480000)
  to   space 11776K, 0% used [0x00000000f3100000,0x00000000f3100000,0x00000000f3c80000)
 ParOldGen       total 41472K, used 25369K [0x00000000c0000000, 0x00000000c2880000, 0x00000000eaa80000)
  object space 41472K, 61% used [0x00000000c0000000,0x00000000c18c6558,0x00000000c2880000)
 PSPermGen       total 21504K, used 7222K [0x00000000bae00000, 0x00000000bc300000, 0x00000000c0000000)
  object space 21504K, 33% used [0x00000000bae00000,0x00000000bb50db90,0x00000000bc300000)
}
Event: 6.094 GC heap before
{Heap before GC invocations=8 (full 0):
 PSYoungGen      total 75776K, used 70255K [0x00000000eaa80000, 0x00000000f3c80000, 0x0000000100000000)
  eden space 62976K, 100% used [0x00000000eaa80000,0x00000000ee800000,0x00000000ee800000)
  from space 12800K, 56% used [0x00000000ee800000,0x00000000eef1beb8,0x00000000ef480000)
  to   space 11776K, 0% used [0x00000000f3100000,0x00000000f3100000,0x00000000f3c80000)
 ParOldGen       total 41472K, used 25369K [0x00000000c0000000, 0x00000000c2880000, 0x00000000eaa80000)
  object space 41472K, 61% used [0x00000000c0000000,0x00000000c18c6558,0x00000000c2880000)
 PSPermGen       total 21504K, used 7232K [0x00000000bae00000, 0x00000000bc300000, 0x00000000c0000000)
  object space 21504K, 33% used [0x00000000bae00000,0x00000000bb510008,0x00000000bc300000)
Event: 6.103 GC heap after
Heap after GC invocations=8 (full 0):
 PSYoungGen      total 137216K, used 8894K [0x00000000eaa80000, 0x00000000f3d80000, 0x0000000100000000)
  eden space 125440K, 0% used [0x00000000eaa80000,0x00000000eaa80000,0x00000000f2500000)
  from space 11776K, 75% used [0x00000000f3100000,0x00000000f39afac8,0x00000000f3c80000)
  to   space 12288K, 0% used [0x00000000f2500000,0x00000000f2500000,0x00000000f3100000)
 ParOldGen       total 41472K, used 25656K [0x00000000c0000000, 0x00000000c2880000, 0x00000000eaa80000)
  object space 41472K, 61% used [0x00000000c0000000,0x00000000c190e270,0x00000000c2880000)
 PSPermGen       total 21504K, used 7232K [0x00000000bae00000, 0x00000000bc300000, 0x00000000c0000000)
  object space 21504K, 33% used [0x00000000bae00000,0x00000000bb510008,0x00000000bc300000)
}
Event: 6.529 GC heap before
{Heap before GC invocations=9 (full 0):
 PSYoungGen      total 137216K, used 134334K [0x00000000eaa80000, 0x00000000f3d80000, 0x0000000100000000)
  eden space 125440K, 100% used [0x00000000eaa80000,0x00000000f2500000,0x00000000f2500000)
  from space 11776K, 75% used [0x00000000f3100000,0x00000000f39afac8,0x00000000f3c80000)
  to   space 12288K, 0% used [0x00000000f2500000,0x00000000f2500000,0x00000000f3100000)
 ParOldGen       total 41472K, used 25656K [0x00000000c0000000, 0x00000000c2880000, 0x00000000eaa80000)
  object space 41472K, 61% used [0x00000000c0000000,0x00000000c190e270,0x00000000c2880000)
 PSPermGen       total 21504K, used 7241K [0x00000000bae00000, 0x00000000bc300000, 0x00000000c0000000)
  object space 21504K, 33% used [0x00000000bae00000,0x00000000bb512608,0x00000000bc300000)
Event: 6.546 GC heap after
Heap after GC invocations=9 (full 0):
 PSYoungGen      total 137728K, used 10879K [0x00000000eaa80000, 0x00000000f8880000, 0x0000000100000000)
  eden space 125440K, 0% used [0x00000000eaa80000,0x00000000eaa80000,0x00000000f2500000)
  from space 12288K, 88% used [0x00000000f2500000,0x00000000f2f9fcb0,0x00000000f3100000)
  to   space 13312K, 0% used [0x00000000f7b80000,0x00000000f7b80000,0x00000000f8880000)
 ParOldGen       total 41472K, used 29762K [0x00000000c0000000, 0x00000000c2880000, 0x00000000eaa80000)
  object space 41472K, 71% used [0x00000000c0000000,0x00000000c1d10858,0x00000000c2880000)
 PSPermGen       total 21504K, used 7241K [0x00000000bae00000, 0x00000000bc300000, 0x00000000c0000000)
  object space 21504K, 33% used [0x00000000bae00000,0x00000000bb512608,0x00000000bc300000)
}
Event: 6.838 GC heap before
{Heap before GC invocations=10 (full 0):
 PSYoungGen      total 137728K, used 136319K [0x00000000eaa80000, 0x00000000f8880000, 0x0000000100000000)
  eden space 125440K, 100% used [0x00000000eaa80000,0x00000000f2500000,0x00000000f2500000)
  from space 12288K, 88% used [0x00000000f2500000,0x00000000f2f9fcb0,0x00000000f3100000)
  to   space 13312K, 0% used [0x00000000f7b80000,0x00000000f7b80000,0x00000000f8880000)
 ParOldGen       total 41472K, used 29762K [0x00000000c0000000, 0x00000000c2880000, 0x00000000eaa80000)
  object space 41472K, 71% used [0x00000000c0000000,0x00000000c1d10858,0x00000000c2880000)
 PSPermGen       total 21504K, used 7241K [0x00000000bae00000, 0x00000000bc300000, 0x00000000c0000000)
  object space 21504K, 33% used [0x00000000bae00000,0x00000000bb512608,0x00000000bc300000)
Event: 7.084 GC heap after
Heap after GC invocations=10 (full 0):
 PSYoungGen      total 208384K, used 13291K [0x00000000eaa80000, 0x00000000f9380000, 0x0000000100000000)
  eden space 195072K, 0% used [0x00000000eaa80000,0x00000000eaa80000,0x00000000f6900000)
  from space 13312K, 99% used [0x00000000f7b80000,0x00000000f887aeb8,0x00000000f8880000)
  to   space 18944K, 0% used [0x00000000f6900000,0x00000000f6900000,0x00000000f7b80000)
 ParOldGen       total 41472K, used 40353K [0x00000000c0000000, 0x00000000c2880000, 0x00000000eaa80000)
  object space 41472K, 97% used [0x00000000c0000000,0x00000000c2768418,0x00000000c2880000)
 PSPermGen       total 21504K, used 7241K [0x00000000bae00000, 0x00000000bc300000, 0x00000000c0000000)
  object space 21504K, 33% used [0x00000000bae00000,0x00000000bb512608,0x00000000bc300000)
}
Event: 7.085 GC heap before
{Heap before GC invocations=11 (full 1):
 PSYoungGen      total 208384K, used 13291K [0x00000000eaa80000, 0x00000000f9380000, 0x0000000100000000)
  eden space 195072K, 0% used [0x00000000eaa80000,0x00000000eaa80000,0x00000000f6900000)
  from space 13312K, 99% used [0x00000000f7b80000,0x00000000f887aeb8,0x00000000f8880000)
  to   space 18944K, 0% used [0x00000000f6900000,0x00000000f6900000,0x00000000f7b80000)
 ParOldGen       total 41472K, used 40353K [0x00000000c0000000, 0x00000000c2880000, 0x00000000eaa80000)
  object space 41472K, 97% used [0x00000000c0000000,0x00000000c2768418,0x00000000c2880000)
 PSPermGen       total 21504K, used 7241K [0x00000000bae00000, 0x00000000bc300000, 0x00000000c0000000)
  object space 21504K, 33% used [0x00000000bae00000,0x00000000bb512608,0x00000000bc300000)
Event: 7.264 GC heap after
Heap after GC invocations=11 (full 1):
 PSYoungGen      total 208384K, used 0K [0x00000000eaa80000, 0x00000000f9380000, 0x0000000100000000)
  eden space 195072K, 0% used [0x00000000eaa80000,0x00000000eaa80000,0x00000000f6900000)
  from space 13312K, 0% used [0x00000000f7b80000,0x00000000f7b80000,0x00000000f8880000)
  to   space 18944K, 0% used [0x00000000f6900000,0x00000000f6900000,0x00000000f7b80000)
 ParOldGen       total 56320K, used 27093K [0x00000000c0000000, 0x00000000c3700000, 0x00000000eaa80000)
  object space 56320K, 48% used [0x00000000c0000000,0x00000000c1a757d0,0x00000000c3700000)
 PSPermGen       total 21504K, used 7237K [0x00000000bae00000, 0x00000000bc300000, 0x00000000c0000000)
  object space 21504K, 33% used [0x00000000bae00000,0x00000000bb511738,0x00000000bc300000)
}
Event: 7.758 GC heap before
{Heap before GC invocations=12 (full 1):
 PSYoungGen      total 208384K, used 195072K [0x00000000eaa80000, 0x00000000f9380000, 0x0000000100000000)
  eden space 195072K, 100% used [0x00000000eaa80000,0x00000000f6900000,0x00000000f6900000)
  from space 13312K, 0% used [0x00000000f7b80000,0x00000000f7b80000,0x00000000f8880000)
  to   space 18944K, 0% used [0x00000000f6900000,0x00000000f6900000,0x00000000f7b80000)
 ParOldGen       total 56320K, used 27093K [0x00000000c0000000, 0x00000000c3700000, 0x00000000eaa80000)
  object space 56320K, 48% used [0x00000000c0000000,0x00000000c1a757d0,0x00000000c3700000)
 PSPermGen       total 21504K, used 7239K [0x00000000bae00000, 0x00000000bc300000, 0x00000000c0000000)
  object space 21504K, 33% used [0x00000000bae00000,0x00000000bb511d70,0x00000000bc300000)

