# JRE version: Java(TM) SE Runtime Environment (7.0_75-b13) (build 1.7.0_75-b13)
# Java VM: Java HotSpot(TM) 64-Bit Server VM (24.75-b04 mixed mode linux-amd64 compressed oops)
Heap
 PSYoungGen      total 216576K, used 8057K [0x00000000eaa80000, 0x00000000f8e00000, 0x0000000100000000)
  eden space 201728K, 0% used [0x00000000eaa80000,0x00000000eaa80000,0x00000000f6f80000)
  from space 14848K, 54% used [0x00000000f6f80000,0x00000000f775e6c0,0x00000000f7e00000)
  to   space 13312K, 0% used [0x00000000f7e00000,0x00000000f7e00000,0x00000000f8b00000)
 ParOldGen       total 41472K, used 31551K [0x00000000c0000000, 0x00000000c2880000, 0x00000000eaa80000)
  object space 41472K, 76% used [0x00000000c0000000,0x00000000c1ecfcd8,0x00000000c2880000)
 PSPermGen       total 21504K, used 7276K [0x00000000bae00000, 0x00000000bc300000, 0x00000000c0000000)
  object space 21504K, 33% used [0x00000000bae00000,0x00000000bb51b300,0x00000000bc300000)
GC Heap History (10 events):
Event: 6.437 GC heap after
Heap after GC invocations=6 (full 0):
 PSYoungGen      total 73216K, used 6935K [0x00000000eaa80000, 0x00000000efd80000, 0x0000000100000000)
  eden space 63488K, 0% used [0x00000000eaa80000,0x00000000eaa80000,0x00000000ee880000)
  from space 9728K, 71% used [0x00000000ef400000,0x00000000efac5cd8,0x00000000efd80000)
  to   space 10752K, 0% used [0x00000000ee880000,0x00000000ee880000,0x00000000ef300000)
 ParOldGen       total 41472K, used 21296K [0x00000000c0000000, 0x00000000c2880000, 0x00000000eaa80000)
  object space 41472K, 51% used [0x00000000c0000000,0x00000000c14cc3c8,0x00000000c2880000)
 PSPermGen       total 21504K, used 7111K [0x00000000bae00000, 0x00000000bc300000, 0x00000000c0000000)
  object space 21504K, 33% used [0x00000000bae00000,0x00000000bb4f1c98,0x00000000bc300000)
}
Event: 7.028 GC heap before
{Heap before GC invocations=7 (full 0):
 PSYoungGen      total 73216K, used 69733K [0x00000000eaa80000, 0x00000000efd80000, 0x0000000100000000)
  eden space 63488K, 98% used [0x00000000eaa80000,0x00000000ee7d3750,0x00000000ee880000)
  from space 9728K, 71% used [0x00000000ef400000,0x00000000efac5cd8,0x00000000efd80000)
  to   space 10752K, 0% used [0x00000000ee880000,0x00000000ee880000,0x00000000ef300000)
 ParOldGen       total 41472K, used 21296K [0x00000000c0000000, 0x00000000c2880000, 0x00000000eaa80000)
  object space 41472K, 51% used [0x00000000c0000000,0x00000000c14cc3c8,0x00000000c2880000)
 PSPermGen       total 21504K, used 7242K [0x00000000bae00000, 0x00000000bc300000, 0x00000000c0000000)
  object space 21504K, 33% used [0x00000000bae00000,0x00000000bb512a28,0x00000000bc300000)
Event: 7.040 GC heap after
Heap after GC invocations=7 (full 0):
 PSYoungGen      total 74240K, used 6606K [0x00000000eaa80000, 0x00000000f3a80000, 0x0000000100000000)
  eden space 63488K, 0% used [0x00000000eaa80000,0x00000000eaa80000,0x00000000ee880000)
  from space 10752K, 61% used [0x00000000ee880000,0x00000000eeef3828,0x00000000ef300000)
  to   space 10240K, 0% used [0x00000000f3080000,0x00000000f3080000,0x00000000f3a80000)
 ParOldGen       total 41472K, used 22179K [0x00000000c0000000, 0x00000000c2880000, 0x00000000eaa80000)
  object space 41472K, 53% used [0x00000000c0000000,0x00000000c15a8d48,0x00000000c2880000)
 PSPermGen       total 21504K, used 7242K [0x00000000bae00000, 0x00000000bc300000, 0x00000000c0000000)
  object space 21504K, 33% used [0x00000000bae00000,0x00000000bb512a28,0x00000000bc300000)
}
Event: 7.343 GC heap before
{Heap before GC invocations=8 (full 0):
 PSYoungGen      total 74240K, used 70094K [0x00000000eaa80000, 0x00000000f3a80000, 0x0000000100000000)
  eden space 63488K, 100% used [0x00000000eaa80000,0x00000000ee880000,0x00000000ee880000)
  from space 10752K, 61% used [0x00000000ee880000,0x00000000eeef3828,0x00000000ef300000)
  to   space 10240K, 0% used [0x00000000f3080000,0x00000000f3080000,0x00000000f3a80000)
 ParOldGen       total 41472K, used 22179K [0x00000000c0000000, 0x00000000c2880000, 0x00000000eaa80000)
  object space 41472K, 53% used [0x00000000c0000000,0x00000000c15a8d48,0x00000000c2880000)
 PSPermGen       total 21504K, used 7252K [0x00000000bae00000, 0x00000000bc300000, 0x00000000c0000000)
  object space 21504K, 33% used [0x00000000bae00000,0x00000000bb515018,0x00000000bc300000)
Event: 7.359 GC heap after
Heap after GC invocations=8 (full 0):
 PSYoungGen      total 137216K, used 5692K [0x00000000eaa80000, 0x00000000f3a80000, 0x0000000100000000)
  eden space 126976K, 0% used [0x00000000eaa80000,0x00000000eaa80000,0x00000000f2680000)
  from space 10240K, 55% used [0x00000000f3080000,0x00000000f360f200,0x00000000f3a80000)
  to   space 10240K, 0% used [0x00000000f2680000,0x00000000f2680000,0x00000000f3080000)
 ParOldGen       total 41472K, used 23309K [0x00000000c0000000, 0x00000000c2880000, 0x00000000eaa80000)
  object space 41472K, 56% used [0x00000000c0000000,0x00000000c16c3440,0x00000000c2880000)
 PSPermGen       total 21504K, used 7252K [0x00000000bae00000, 0x00000000bc300000, 0x00000000c0000000)
  object space 21504K, 33% used [0x00000000bae00000,0x00000000bb515018,0x00000000bc300000)
}
Event: 7.953 GC heap before
{Heap before GC invocations=9 (full 0):
 PSYoungGen      total 137216K, used 132668K [0x00000000eaa80000, 0x00000000f3a80000, 0x0000000100000000)
  eden space 126976K, 100% used [0x00000000eaa80000,0x00000000f2680000,0x00000000f2680000)
  from space 10240K, 55% used [0x00000000f3080000,0x00000000f360f200,0x00000000f3a80000)
  to   space 10240K, 0% used [0x00000000f2680000,0x00000000f2680000,0x00000000f3080000)
 ParOldGen       total 41472K, used 23309K [0x00000000c0000000, 0x00000000c2880000, 0x00000000eaa80000)
  object space 41472K, 56% used [0x00000000c0000000,0x00000000c16c3440,0x00000000c2880000)
 PSPermGen       total 21504K, used 7268K [0x00000000bae00000, 0x00000000bc300000, 0x00000000c0000000)
  object space 21504K, 33% used [0x00000000bae00000,0x00000000bb519058,0x00000000bc300000)
Event: 7.962 GC heap after
Heap after GC invocations=9 (full 0):
 PSYoungGen      total 137216K, used 10213K [0x00000000eaa80000, 0x00000000f8b00000, 0x0000000100000000)
  eden space 126976K, 0% used [0x00000000eaa80000,0x00000000eaa80000,0x00000000f2680000)
  from space 10240K, 99% used [0x00000000f2680000,0x00000000f30795e0,0x00000000f3080000)
  to   space 13312K, 0% used [0x00000000f7e00000,0x00000000f7e00000,0x00000000f8b00000)
 ParOldGen       total 41472K, used 28180K [0x00000000c0000000, 0x00000000c2880000, 0x00000000eaa80000)
  object space 41472K, 67% used [0x00000000c0000000,0x00000000c1b85398,0x00000000c2880000)
 PSPermGen       total 21504K, used 7268K [0x00000000bae00000, 0x00000000bc300000, 0x00000000c0000000)
  object space 21504K, 33% used [0x00000000bae00000,0x00000000bb519058,0x00000000bc300000)
}
Event: 8.349 GC heap before
{Heap before GC invocations=10 (full 0):
 PSYoungGen      total 137216K, used 137189K [0x00000000eaa80000, 0x00000000f8b00000, 0x0000000100000000)
  eden space 126976K, 100% used [0x00000000eaa80000,0x00000000f2680000,0x00000000f2680000)
  from space 10240K, 99% used [0x00000000f2680000,0x00000000f30795e0,0x00000000f3080000)
  to   space 13312K, 0% used [0x00000000f7e00000,0x00000000f7e00000,0x00000000f8b00000)
 ParOldGen       total 41472K, used 28180K [0x00000000c0000000, 0x00000000c2880000, 0x00000000eaa80000)
  object space 41472K, 67% used [0x00000000c0000000,0x00000000c1b85398,0x00000000c2880000)
 PSPermGen       total 21504K, used 7273K [0x00000000bae00000, 0x00000000bc300000, 0x00000000c0000000)
  object space 21504K, 33% used [0x00000000bae00000,0x00000000bb51a538,0x00000000bc300000)
Event: 8.358 GC heap after
Heap after GC invocations=10 (full 0):
 PSYoungGen      total 215040K, used 12722K [0x00000000eaa80000, 0x00000000f8e00000, 0x0000000100000000)
  eden space 201728K, 0% used [0x00000000eaa80000,0x00000000eaa80000,0x00000000f6f80000)
  from space 13312K, 95% used [0x00000000f7e00000,0x00000000f8a6cbb0,0x00000000f8b00000)
  to   space 14848K, 0% used [0x00000000f6f80000,0x00000000f6f80000,0x00000000f7e00000)
 ParOldGen       total 41472K, used 31551K [0x00000000c0000000, 0x00000000c2880000, 0x00000000eaa80000)
  object space 41472K, 76% used [0x00000000c0000000,0x00000000c1ecfcd8,0x00000000c2880000)
 PSPermGen       total 21504K, used 7273K [0x00000000bae00000, 0x00000000bc300000, 0x00000000c0000000)
  object space 21504K, 33% used [0x00000000bae00000,0x00000000bb51a538,0x00000000bc300000)
}
Event: 8.889 GC heap before
{Heap before GC invocations=11 (full 0):
 PSYoungGen      total 215040K, used 210241K [0x00000000eaa80000, 0x00000000f8e00000, 0x0000000100000000)
  eden space 201728K, 97% used [0x00000000eaa80000,0x00000000f6b639e8,0x00000000f6f80000)
  from space 13312K, 95% used [0x00000000f7e00000,0x00000000f8a6cbb0,0x00000000f8b00000)
  to   space 14848K, 0% used [0x00000000f6f80000,0x00000000f6f80000,0x00000000f7e00000)
 ParOldGen       total 41472K, used 31551K [0x00000000c0000000, 0x00000000c2880000, 0x00000000eaa80000)
  object space 41472K, 76% used [0x00000000c0000000,0x00000000c1ecfcd8,0x00000000c2880000)
 PSPermGen       total 21504K, used 7276K [0x00000000bae00000, 0x00000000bc300000, 0x00000000c0000000)
  object space 21504K, 33% used [0x00000000bae00000,0x00000000bb51b300,0x00000000bc300000)

